<?xml version="1.0" encoding="UTF-8"?>
<testsuite name="com.example.HelloGradleTest" tests="1" skipped="0" failures="0" errors="0" timestamp="2018-01-25T20:34:44" hostname="arturo-win" time="0.004">
  <properties/>
  <testcase name="testSuma" classname="com.example.HelloGradleTest" time="0.004"/>
  <system-out><![CDATA[]]></system-out>
  <system-err><![CDATA[]]></system-err>
</testsuite>
